<?xml version="1.0" encoding="UTF-8"?>
<coverage generated="1734380410">
  <project timestamp="1734380410">
    <package name="zennit\ABAC\Commands">
      <file name="/var/www/html/src/Commands/PublishAbacCommand.php">
        <class name="zennit\ABAC\Commands\PublishAbacCommand" namespace="zennit\ABAC\Commands">
          <metrics complexity="1" methods="1" coveredmethods="1" conditionals="0" coveredconditionals="0" statements="10" coveredstatements="10" elements="11" coveredelements="11"/>
        </class>
        <line num="13" type="method" name="handle" visibility="public" complexity="1" crap="1" count="2"/>
        <line num="15" type="stmt" count="2"/>
        <line num="16" type="stmt" count="2"/>
        <line num="17" type="stmt" count="2"/>
        <line num="18" type="stmt" count="2"/>
        <line num="20" type="stmt" count="2"/>
        <line num="21" type="stmt" count="2"/>
        <line num="22" type="stmt" count="2"/>
        <line num="23" type="stmt" count="2"/>
        <line num="25" type="stmt" count="2"/>
        <line num="27" type="stmt" count="2"/>
        <metrics loc="30" ncloc="30" classes="1" methods="1" coveredmethods="1" conditionals="0" coveredconditionals="0" statements="10" coveredstatements="10" elements="11" coveredelements="11"/>
      </file>
    </package>
    <file name="/var/www/html/src/Contracts/AbacServiceInterface.php">
      <metrics loc="12" ncloc="12" classes="0" methods="0" coveredmethods="0" conditionals="0" coveredconditionals="0" statements="0" coveredstatements="0" elements="0" coveredelements="0"/>
    </file>
    <file name="/var/www/html/src/Contracts/AttributeLoaderInterface.php">
      <metrics loc="11" ncloc="11" classes="0" methods="0" coveredmethods="0" conditionals="0" coveredconditionals="0" statements="0" coveredstatements="0" elements="0" coveredelements="0"/>
    </file>
    <file name="/var/www/html/src/Contracts/PolicyEvaluatorInterface.php">
      <metrics loc="14" ncloc="14" classes="0" methods="0" coveredmethods="0" conditionals="0" coveredconditionals="0" statements="0" coveredstatements="0" elements="0" coveredelements="0"/>
    </file>
    <file name="/var/www/html/src/Contracts/PolicyRepositoryInterface.php">
      <metrics loc="28" ncloc="28" classes="0" methods="0" coveredmethods="0" conditionals="0" coveredconditionals="0" statements="0" coveredstatements="0" elements="0" coveredelements="0"/>
    </file>
    <package name="zennit\ABAC\DTO">
      <file name="/var/www/html/src/DTO/AccessContext.php">
        <class name="zennit\ABAC\DTO\AccessContext" namespace="zennit\ABAC\DTO">
          <metrics complexity="2" methods="2" coveredmethods="1" conditionals="0" coveredconditionals="0" statements="2" coveredstatements="1" elements="4" coveredelements="2"/>
        </class>
        <line num="7" type="method" name="__construct" visibility="public" complexity="1" crap="1" count="15"/>
        <line num="13" type="stmt" count="15"/>
        <line num="15" type="method" name="user" visibility="public" complexity="1" crap="2" count="0"/>
        <line num="17" type="stmt" count="0"/>
        <metrics loc="20" ncloc="20" classes="1" methods="2" coveredmethods="1" conditionals="0" coveredconditionals="0" statements="2" coveredstatements="1" elements="4" coveredelements="2"/>
      </file>
      <file name="/var/www/html/src/DTO/AttributeCollection.php">
        <class name="zennit\ABAC\DTO\AttributeCollection" namespace="zennit\ABAC\DTO">
          <metrics complexity="8" methods="5" coveredmethods="3" conditionals="0" coveredconditionals="0" statements="8" coveredstatements="6" elements="13" coveredelements="9"/>
        </class>
        <line num="9" type="method" name="__construct" visibility="public" complexity="4" crap="4" count="8"/>
        <line num="11" type="stmt" count="8"/>
        <line num="12" type="stmt" count="7"/>
        <line num="13" type="stmt" count="4"/>
        <line num="15" type="stmt" count="3"/>
        <line num="20" type="method" name="get" visibility="public" complexity="1" crap="1" count="6"/>
        <line num="22" type="stmt" count="6"/>
        <line num="25" type="method" name="has" visibility="public" complexity="1" crap="2" count="0"/>
        <line num="27" type="stmt" count="0"/>
        <line num="30" type="method" name="all" visibility="public" complexity="1" crap="2" count="0"/>
        <line num="32" type="stmt" count="0"/>
        <line num="35" type="method" name="toArray" visibility="public" complexity="1" crap="1" count="4"/>
        <line num="37" type="stmt" count="4"/>
        <metrics loc="40" ncloc="40" classes="1" methods="5" coveredmethods="3" conditionals="0" coveredconditionals="0" statements="8" coveredstatements="6" elements="13" coveredelements="9"/>
      </file>
      <file name="/var/www/html/src/DTO/PolicyEvaluationResult.php">
        <class name="zennit\ABAC\DTO\PolicyEvaluationResult" namespace="zennit\ABAC\DTO">
          <metrics complexity="1" methods="1" coveredmethods="1" conditionals="0" coveredconditionals="0" statements="1" coveredstatements="1" elements="2" coveredelements="2"/>
        </class>
        <line num="7" type="method" name="__construct" visibility="public" complexity="1" crap="1" count="7"/>
        <line num="13" type="stmt" count="7"/>
        <metrics loc="15" ncloc="15" classes="1" methods="1" coveredmethods="1" conditionals="0" coveredconditionals="0" statements="1" coveredstatements="1" elements="2" coveredelements="2"/>
      </file>
    </package>
    <package name="zennit\ABAC\Enums">
      <file name="/var/www/html/src/Enums/PermissionOperations.php">
        <class name="zennit\ABAC\Enums\PermissionOperations" namespace="zennit\ABAC\Enums">
          <metrics complexity="2" methods="2" coveredmethods="2" conditionals="0" coveredconditionals="0" statements="2" coveredstatements="2" elements="4" coveredelements="4"/>
        </class>
        <line num="13" type="method" name="isValid" visibility="public" complexity="1" crap="1" count="1"/>
        <line num="15" type="stmt" count="1"/>
        <line num="18" type="method" name="values" visibility="public" complexity="1" crap="1" count="2"/>
        <line num="20" type="stmt" count="2"/>
        <metrics loc="23" ncloc="23" classes="1" methods="2" coveredmethods="2" conditionals="0" coveredconditionals="0" statements="2" coveredstatements="2" elements="4" coveredelements="4"/>
      </file>
      <file name="/var/www/html/src/Enums/PolicyOperators.php">
        <class name="zennit\ABAC\Enums\PolicyOperators" namespace="zennit\ABAC\Enums">
          <metrics complexity="1" methods="1" coveredmethods="1" conditionals="0" coveredconditionals="0" statements="1" coveredstatements="1" elements="2" coveredelements="2"/>
        </class>
        <line num="25" type="method" name="values" visibility="public" complexity="1" crap="1" count="52"/>
        <line num="27" type="stmt" count="52"/>
        <metrics loc="30" ncloc="30" classes="1" methods="1" coveredmethods="1" conditionals="0" coveredconditionals="0" statements="1" coveredstatements="1" elements="2" coveredelements="2"/>
      </file>
    </package>
    <package name="zennit\ABAC\Events">
      <file name="/var/www/html/src/Events/AccessEvaluated.php">
        <class name="zennit\ABAC\Events\AccessEvaluated" namespace="zennit\ABAC\Events">
          <metrics complexity="1" methods="1" coveredmethods="1" conditionals="0" coveredconditionals="0" statements="1" coveredstatements="1" elements="2" coveredelements="2"/>
        </class>
        <line num="13" type="method" name="__construct" visibility="public" complexity="1" crap="1" count="1"/>
        <line num="21" type="stmt" count="1"/>
        <metrics loc="23" ncloc="23" classes="1" methods="1" coveredmethods="1" conditionals="0" coveredconditionals="0" statements="1" coveredstatements="1" elements="2" coveredelements="2"/>
      </file>
      <file name="/var/www/html/src/Events/CacheWarmed.php">
        <class name="zennit\ABAC\Events\CacheWarmed" namespace="zennit\ABAC\Events">
          <metrics complexity="1" methods="1" coveredmethods="1" conditionals="0" coveredconditionals="0" statements="1" coveredstatements="1" elements="2" coveredelements="2"/>
        </class>
        <line num="13" type="method" name="__construct" visibility="public" complexity="1" crap="1" count="3"/>
        <line num="18" type="stmt" count="3"/>
        <metrics loc="20" ncloc="20" classes="1" methods="1" coveredmethods="1" conditionals="0" coveredconditionals="0" statements="1" coveredstatements="1" elements="2" coveredelements="2"/>
      </file>
      <file name="/var/www/html/src/Events/PolicyCreated.php">
        <class name="zennit\ABAC\Events\PolicyCreated" namespace="zennit\ABAC\Events">
          <metrics complexity="1" methods="1" coveredmethods="1" conditionals="0" coveredconditionals="0" statements="1" coveredstatements="1" elements="2" coveredelements="2"/>
        </class>
        <line num="14" type="method" name="__construct" visibility="public" complexity="1" crap="1" count="1"/>
        <line num="17" type="stmt" count="1"/>
        <metrics loc="19" ncloc="19" classes="1" methods="1" coveredmethods="1" conditionals="0" coveredconditionals="0" statements="1" coveredstatements="1" elements="2" coveredelements="2"/>
      </file>
      <file name="/var/www/html/src/Events/PolicyDeleted.php">
        <class name="zennit\ABAC\Events\PolicyDeleted" namespace="zennit\ABAC\Events">
          <metrics complexity="1" methods="1" coveredmethods="1" conditionals="0" coveredconditionals="0" statements="1" coveredstatements="1" elements="2" coveredelements="2"/>
        </class>
        <line num="13" type="method" name="__construct" visibility="public" complexity="1" crap="1" count="1"/>
        <line num="17" type="stmt" count="1"/>
        <metrics loc="19" ncloc="19" classes="1" methods="1" coveredmethods="1" conditionals="0" coveredconditionals="0" statements="1" coveredstatements="1" elements="2" coveredelements="2"/>
      </file>
      <file name="/var/www/html/src/Events/PolicyUpdated.php">
        <class name="zennit\ABAC\Events\PolicyUpdated" namespace="zennit\ABAC\Events">
          <metrics complexity="1" methods="1" coveredmethods="1" conditionals="0" coveredconditionals="0" statements="1" coveredstatements="1" elements="2" coveredelements="2"/>
        </class>
        <line num="14" type="method" name="__construct" visibility="public" complexity="1" crap="1" count="1"/>
        <line num="18" type="stmt" count="1"/>
        <metrics loc="20" ncloc="20" classes="1" methods="1" coveredmethods="1" conditionals="0" coveredconditionals="0" statements="1" coveredstatements="1" elements="2" coveredelements="2"/>
      </file>
    </package>
    <package name="zennit\ABAC\Facades">
      <file name="/var/www/html/src/Facades/Abac.php">
        <class name="zennit\ABAC\Facades\Abac" namespace="zennit\ABAC\Facades">
          <metrics complexity="3" methods="3" coveredmethods="0" conditionals="0" coveredconditionals="0" statements="3" coveredstatements="0" elements="6" coveredelements="0"/>
        </class>
        <line num="15" type="method" name="evaluate" visibility="public" complexity="1" crap="2" count="0"/>
        <line num="17" type="stmt" count="0"/>
        <line num="23" type="method" name="can" visibility="public" complexity="1" crap="2" count="0"/>
        <line num="25" type="stmt" count="0"/>
        <line num="28" type="method" name="getFacadeAccessor" visibility="public" complexity="1" crap="2" count="0"/>
        <line num="30" type="stmt" count="0"/>
        <metrics loc="33" ncloc="27" classes="1" methods="3" coveredmethods="0" conditionals="0" coveredconditionals="0" statements="3" coveredstatements="0" elements="6" coveredelements="0"/>
      </file>
    </package>
    <package name="zennit\ABAC\Jobs">
      <file name="/var/www/html/src/Jobs/BatchEvaluateAccessJob.php">
        <class name="zennit\ABAC\Jobs\BatchEvaluateAccessJob" namespace="zennit\ABAC\Jobs">
          <metrics complexity="3" methods="2" coveredmethods="2" conditionals="0" coveredconditionals="0" statements="5" coveredstatements="5" elements="7" coveredelements="7"/>
        </class>
        <line num="27" type="method" name="__construct" visibility="public" complexity="1" crap="1" count="1"/>
        <line num="31" type="stmt" count="1"/>
        <line num="38" type="method" name="handle" visibility="public" complexity="2" crap="2" count="1"/>
        <line num="40" type="stmt" count="1"/>
        <line num="41" type="stmt" count="1"/>
        <line num="42" type="stmt" count="1"/>
        <line num="45" type="stmt" count="1"/>
        <metrics loc="48" ncloc="40" classes="1" methods="2" coveredmethods="2" conditionals="0" coveredconditionals="0" statements="5" coveredstatements="5" elements="7" coveredelements="7"/>
      </file>
      <file name="/var/www/html/src/Jobs/EvaluateAccessJob.php">
        <class name="zennit\ABAC\Jobs\EvaluateAccessJob" namespace="zennit\ABAC\Jobs">
          <metrics complexity="2" methods="2" coveredmethods="2" conditionals="0" coveredconditionals="0" statements="2" coveredstatements="2" elements="4" coveredelements="4"/>
        </class>
        <line num="24" type="method" name="__construct" visibility="public" complexity="1" crap="1" count="1"/>
        <line num="27" type="stmt" count="1"/>
        <line num="34" type="method" name="handle" visibility="public" complexity="1" crap="1" count="1"/>
        <line num="35" type="stmt" count="1"/>
        <metrics loc="38" ncloc="33" classes="1" methods="2" coveredmethods="2" conditionals="0" coveredconditionals="0" statements="2" coveredstatements="2" elements="4" coveredelements="4"/>
      </file>
      <file name="/var/www/html/src/Jobs/InvalidatePolicyCacheJob.php">
        <class name="zennit\ABAC\Jobs\InvalidatePolicyCacheJob" namespace="zennit\ABAC\Jobs">
          <metrics complexity="2" methods="2" coveredmethods="2" conditionals="0" coveredconditionals="0" statements="2" coveredstatements="2" elements="4" coveredelements="4"/>
        </class>
        <line num="20" type="method" name="__construct" visibility="public" complexity="1" crap="1" count="2"/>
        <line num="23" type="stmt" count="2"/>
        <line num="28" type="method" name="handle" visibility="public" complexity="1" crap="1" count="1"/>
        <line num="30" type="stmt" count="1"/>
        <metrics loc="33" ncloc="30" classes="1" methods="2" coveredmethods="2" conditionals="0" coveredconditionals="0" statements="2" coveredstatements="2" elements="4" coveredelements="4"/>
      </file>
      <file name="/var/www/html/src/Jobs/WarmPolicyCacheJob.php">
        <class name="zennit\ABAC\Jobs\WarmPolicyCacheJob" namespace="zennit\ABAC\Jobs">
          <metrics complexity="4" methods="2" coveredmethods="2" conditionals="0" coveredconditionals="0" statements="6" coveredstatements="6" elements="8" coveredelements="8"/>
        </class>
        <line num="21" type="method" name="__construct" visibility="public" complexity="1" crap="1" count="2"/>
        <line num="24" type="stmt" count="2"/>
        <line num="29" type="method" name="handle" visibility="public" complexity="3" crap="3" count="2"/>
        <line num="31" type="stmt" count="2"/>
        <line num="32" type="stmt" count="1"/>
        <line num="34" type="stmt" count="1"/>
        <line num="36" type="stmt" count="2"/>
        <line num="37" type="stmt" count="2"/>
        <metrics loc="41" ncloc="38" classes="1" methods="2" coveredmethods="2" conditionals="0" coveredconditionals="0" statements="6" coveredstatements="6" elements="8" coveredelements="8"/>
      </file>
    </package>
    <package name="zennit\ABAC\Logging">
      <file name="/var/www/html/src/Logging/AuditLogger.php">
        <class name="zennit\ABAC\Logging\AuditLogger" namespace="zennit\ABAC\Logging">
          <metrics complexity="6" methods="3" coveredmethods="2" conditionals="0" coveredconditionals="0" statements="20" coveredstatements="17" elements="23" coveredelements="19"/>
        </class>
        <line num="12" type="method" name="__construct" visibility="public" complexity="1" crap="1" count="5"/>
        <line num="14" type="stmt" count="5"/>
        <line num="15" type="stmt" count="5"/>
        <line num="16" type="stmt" count="5"/>
        <line num="17" type="stmt" count="5"/>
        <line num="18" type="stmt" count="5"/>
        <line num="21" type="method" name="logAccess" visibility="public" complexity="3" crap="3" count="5"/>
        <line num="23" type="stmt" count="5"/>
        <line num="24" type="stmt" count="1"/>
        <line num="27" type="stmt" count="4"/>
        <line num="28" type="stmt" count="4"/>
        <line num="29" type="stmt" count="4"/>
        <line num="30" type="stmt" count="4"/>
        <line num="31" type="stmt" count="4"/>
        <line num="32" type="stmt" count="4"/>
        <line num="33" type="stmt" count="4"/>
        <line num="35" type="stmt" count="4"/>
        <line num="36" type="stmt" count="2"/>
        <line num="39" type="stmt" count="4"/>
        <line num="42" type="method" name="logPerformanceIssue" visibility="public" complexity="2" crap="6" count="0"/>
        <line num="44" type="stmt" count="0"/>
        <line num="45" type="stmt" count="0"/>
        <line num="48" type="stmt" count="0"/>
        <metrics loc="51" ncloc="51" classes="1" methods="3" coveredmethods="2" conditionals="0" coveredconditionals="0" statements="20" coveredstatements="17" elements="23" coveredelements="19"/>
      </file>
    </package>
    <package name="zennit\ABAC\Middleware">
      <file name="/var/www/html/src/Middleware/EnsurePermissions.php">
        <class name="zennit\ABAC\Middleware\EnsurePermissions" namespace="zennit\ABAC\Middleware">
          <metrics complexity="13" methods="4" coveredmethods="1" conditionals="0" coveredconditionals="0" statements="28" coveredstatements="23" elements="32" coveredelements="24"/>
        </class>
        <line num="13" type="method" name="__construct" visibility="public" complexity="1" crap="1" count="1"/>
        <line num="16" type="stmt" count="1"/>
        <line num="21" type="method" name="handle" visibility="public" complexity="3" crap="3.05" count="1"/>
        <line num="23" type="stmt" count="1"/>
        <line num="24" type="stmt" count="0"/>
        <line num="27" type="stmt" count="1"/>
        <line num="28" type="stmt" count="1"/>
        <line num="29" type="stmt" count="1"/>
        <line num="30" type="stmt" count="1"/>
        <line num="31" type="stmt" count="1"/>
        <line num="32" type="stmt" count="1"/>
        <line num="34" type="stmt" count="1"/>
        <line num="35" type="stmt" count="0"/>
        <line num="38" type="stmt" count="1"/>
        <line num="48" type="method" name="getResourceFromPath" visibility="private" complexity="6" crap="6.03" count="1"/>
        <line num="51" type="stmt" count="1"/>
        <line num="54" type="stmt" count="1"/>
        <line num="55" type="stmt" count="1"/>
        <line num="56" type="stmt" count="1"/>
        <line num="57" type="stmt" count="1"/>
        <line num="63" type="stmt" count="1"/>
        <line num="64" type="stmt" count="1"/>
        <line num="66" type="stmt" count="1"/>
        <line num="67" type="stmt" count="0"/>
        <line num="69" type="stmt" count="1"/>
        <line num="72" type="stmt" count="1"/>
        <line num="78" type="method" name="looksLikeId" visibility="private" complexity="3" crap="3.58" count="1"/>
        <line num="81" type="stmt" count="1"/>
        <line num="82" type="stmt" count="0"/>
        <line num="86" type="stmt" count="1"/>
        <line num="87" type="stmt" count="0"/>
        <line num="90" type="stmt" count="1"/>
        <metrics loc="93" ncloc="71" classes="1" methods="4" coveredmethods="1" conditionals="0" coveredconditionals="0" statements="28" coveredstatements="23" elements="32" coveredelements="24"/>
      </file>
    </package>
    <package name="zennit\ABAC\Models">
      <file name="/var/www/html/src/Models/Permission.php">
        <class name="zennit\ABAC\Models\Permission" namespace="zennit\ABAC\Models">
          <metrics complexity="1" methods="1" coveredmethods="1" conditionals="0" coveredconditionals="0" statements="1" coveredstatements="1" elements="2" coveredelements="2"/>
        </class>
        <line num="24" type="method" name="policies" visibility="public" complexity="1" crap="1" count="1"/>
        <line num="26" type="stmt" count="1"/>
        <metrics loc="29" ncloc="29" classes="1" methods="1" coveredmethods="1" conditionals="0" coveredconditionals="0" statements="1" coveredstatements="1" elements="2" coveredelements="2"/>
      </file>
      <file name="/var/www/html/src/Models/Policy.php">
        <class name="zennit\ABAC\Models\Policy" namespace="zennit\ABAC\Models">
          <metrics complexity="2" methods="2" coveredmethods="2" conditionals="0" coveredconditionals="0" statements="2" coveredstatements="2" elements="4" coveredelements="4"/>
        </class>
        <line num="19" type="method" name="permission" visibility="public" complexity="1" crap="1" count="8"/>
        <line num="21" type="stmt" count="8"/>
        <line num="24" type="method" name="conditions" visibility="public" complexity="1" crap="1" count="10"/>
        <line num="26" type="stmt" count="10"/>
        <metrics loc="29" ncloc="29" classes="1" methods="2" coveredmethods="2" conditionals="0" coveredconditionals="0" statements="2" coveredstatements="2" elements="4" coveredelements="4"/>
      </file>
      <file name="/var/www/html/src/Models/PolicyCondition.php">
        <class name="zennit\ABAC\Models\PolicyCondition" namespace="zennit\ABAC\Models">
          <metrics complexity="3" methods="3" coveredmethods="1" conditionals="0" coveredconditionals="0" statements="3" coveredstatements="1" elements="6" coveredelements="2"/>
        </class>
        <line num="26" type="method" name="newFactory" visibility="protected" complexity="1" crap="2" count="0"/>
        <line num="28" type="stmt" count="0"/>
        <line num="31" type="method" name="policy" visibility="public" complexity="1" crap="2" count="0"/>
        <line num="33" type="stmt" count="0"/>
        <line num="36" type="method" name="attributes" visibility="public" complexity="1" crap="1" count="11"/>
        <line num="38" type="stmt" count="11"/>
        <metrics loc="41" ncloc="41" classes="1" methods="3" coveredmethods="1" conditionals="0" coveredconditionals="0" statements="3" coveredstatements="1" elements="6" coveredelements="2"/>
      </file>
      <file name="/var/www/html/src/Models/PolicyConditionAttribute.php">
        <class name="zennit\ABAC\Models\PolicyConditionAttribute" namespace="zennit\ABAC\Models">
          <metrics complexity="1" methods="1" coveredmethods="0" conditionals="0" coveredconditionals="0" statements="1" coveredstatements="0" elements="2" coveredelements="0"/>
        </class>
        <line num="19" type="method" name="condition" visibility="public" complexity="1" crap="2" count="0"/>
        <line num="21" type="stmt" count="0"/>
        <metrics loc="24" ncloc="24" classes="1" methods="1" coveredmethods="0" conditionals="0" coveredconditionals="0" statements="1" coveredstatements="0" elements="2" coveredelements="0"/>
      </file>
      <file name="/var/www/html/src/Models/ResourceAttribute.php">
        <class name="zennit\ABAC\Models\ResourceAttribute" namespace="zennit\ABAC\Models">
          <metrics complexity="0" methods="0" coveredmethods="0" conditionals="0" coveredconditionals="0" statements="0" coveredstatements="0" elements="0" coveredelements="0"/>
        </class>
        <metrics loc="18" ncloc="18" classes="0" methods="0" coveredmethods="0" conditionals="0" coveredconditionals="0" statements="0" coveredstatements="0" elements="0" coveredelements="0"/>
      </file>
      <file name="/var/www/html/src/Models/UserAttribute.php">
        <class name="zennit\ABAC\Models\UserAttribute" namespace="zennit\ABAC\Models">
          <metrics complexity="5" methods="5" coveredmethods="5" conditionals="0" coveredconditionals="0" statements="15" coveredstatements="15" elements="20" coveredelements="20"/>
        </class>
        <line num="13" type="method" name="__construct" visibility="public" complexity="1" crap="1" count="5"/>
        <line num="15" type="stmt" count="5"/>
        <line num="17" type="stmt" count="5"/>
        <line num="18" type="stmt" count="5"/>
        <line num="19" type="stmt" count="5"/>
        <line num="20" type="stmt" count="5"/>
        <line num="21" type="stmt" count="5"/>
        <line num="22" type="stmt" count="5"/>
        <line num="25" type="method" name="getTable" visibility="public" complexity="1" crap="1" count="4"/>
        <line num="27" type="stmt" count="4"/>
        <line num="30" type="method" name="subject" visibility="public" complexity="1" crap="1" count="1"/>
        <line num="32" type="stmt" count="1"/>
        <line num="33" type="stmt" count="1"/>
        <line num="34" type="stmt" count="1"/>
        <line num="35" type="stmt" count="1"/>
        <line num="36" type="stmt" count="1"/>
        <line num="39" type="method" name="getMorphType" visibility="public" complexity="1" crap="1" count="1"/>
        <line num="41" type="stmt" count="1"/>
        <line num="44" type="method" name="getMorphID" visibility="public" complexity="1" crap="1" count="1"/>
        <line num="46" type="stmt" count="1"/>
        <metrics loc="49" ncloc="49" classes="1" methods="5" coveredmethods="5" conditionals="0" coveredconditionals="0" statements="15" coveredstatements="15" elements="20" coveredelements="20"/>
      </file>
    </package>
    <package name="zennit\ABAC\Repositories">
      <file name="/var/www/html/src/Repositories/PolicyRepository.php">
        <class name="zennit\ABAC\Repositories\PolicyRepository" namespace="zennit\ABAC\Repositories">
          <metrics complexity="14" methods="9" coveredmethods="4" conditionals="0" coveredconditionals="0" statements="55" coveredstatements="29" elements="64" coveredelements="33"/>
        </class>
        <line num="12" type="method" name="getPoliciesFor" visibility="public" complexity="2" crap="2.21" count="5"/>
        <line num="14" type="stmt" count="5"/>
        <line num="15" type="stmt" count="0"/>
        <line num="16" type="stmt" count="0"/>
        <line num="17" type="stmt" count="0"/>
        <line num="18" type="stmt" count="0"/>
        <line num="19" type="stmt" count="0"/>
        <line num="20" type="stmt" count="0"/>
        <line num="23" type="stmt" count="5"/>
        <line num="24" type="stmt" count="5"/>
        <line num="25" type="stmt" count="5"/>
        <line num="26" type="stmt" count="5"/>
        <line num="27" type="stmt" count="5"/>
        <line num="28" type="stmt" count="5"/>
        <line num="29" type="stmt" count="5"/>
        <line num="30" type="stmt" count="5"/>
        <line num="31" type="stmt" count="5"/>
        <line num="34" type="method" name="findById" visibility="public" complexity="1" crap="2" count="0"/>
        <line num="36" type="stmt" count="0"/>
        <line num="39" type="method" name="create" visibility="public" complexity="1" crap="1" count="1"/>
        <line num="41" type="stmt" count="1"/>
        <line num="42" type="stmt" count="1"/>
        <line num="43" type="stmt" count="1"/>
        <line num="44" type="stmt" count="1"/>
        <line num="46" type="stmt" count="1"/>
        <line num="47" type="stmt" count="1"/>
        <line num="48" type="stmt" count="1"/>
        <line num="49" type="stmt" count="1"/>
        <line num="50" type="stmt" count="1"/>
        <line num="53" type="method" name="createCondition" visibility="public" complexity="2" crap="2" count="1"/>
        <line num="55" type="stmt" count="1"/>
        <line num="56" type="stmt" count="1"/>
        <line num="57" type="stmt" count="1"/>
        <line num="59" type="stmt" count="1"/>
        <line num="60" type="stmt" count="1"/>
        <line num="61" type="stmt" count="1"/>
        <line num="62" type="stmt" count="1"/>
        <line num="63" type="stmt" count="1"/>
        <line num="67" type="method" name="delete" visibility="public" complexity="1" crap="2" count="0"/>
        <line num="69" type="stmt" count="0"/>
        <line num="72" type="method" name="getAllPolicies" visibility="public" complexity="1" crap="1" count="2"/>
        <line num="74" type="stmt" count="2"/>
        <line num="77" type="method" name="getPoliciesByResource" visibility="public" complexity="1" crap="2" count="0"/>
        <line num="79" type="stmt" count="0"/>
        <line num="80" type="stmt" count="0"/>
        <line num="81" type="stmt" count="0"/>
        <line num="82" type="stmt" count="0"/>
        <line num="83" type="stmt" count="0"/>
        <line num="84" type="stmt" count="0"/>
        <line num="87" type="method" name="updatePolicy" visibility="public" complexity="4" crap="20" count="0"/>
        <line num="89" type="stmt" count="0"/>
        <line num="90" type="stmt" count="0"/>
        <line num="91" type="stmt" count="0"/>
        <line num="94" type="stmt" count="0"/>
        <line num="95" type="stmt" count="0"/>
        <line num="96" type="stmt" count="0"/>
        <line num="97" type="stmt" count="0"/>
        <line num="98" type="stmt" count="0"/>
        <line num="99" type="stmt" count="0"/>
        <line num="102" type="stmt" count="0"/>
        <line num="103" type="stmt" count="0"/>
        <line num="104" type="stmt" count="0"/>
        <line num="107" type="method" name="all" visibility="public" complexity="1" crap="1" count="1"/>
        <line num="109" type="stmt" count="1"/>
        <metrics loc="112" ncloc="112" classes="1" methods="9" coveredmethods="4" conditionals="0" coveredconditionals="0" statements="55" coveredstatements="29" elements="64" coveredelements="33"/>
      </file>
    </package>
    <package name="zennit\ABAC\Services">
      <file name="/var/www/html/src/Services/AbacService.php">
        <class name="zennit\ABAC\Services\AbacService" namespace="zennit\ABAC\Services">
          <metrics complexity="11" methods="5" coveredmethods="3" conditionals="0" coveredconditionals="0" statements="35" coveredstatements="31" elements="40" coveredelements="34"/>
        </class>
        <line num="19" type="method" name="__construct" visibility="public" complexity="1" crap="1" count="2"/>
        <line num="26" type="stmt" count="2"/>
        <line num="34" type="method" name="evaluate" visibility="public" complexity="4" crap="4.01" count="2"/>
        <line num="36" type="stmt" count="2"/>
        <line num="37" type="stmt" count="2"/>
        <line num="38" type="stmt" count="2"/>
        <line num="40" type="stmt" count="2"/>
        <line num="41" type="stmt" count="2"/>
        <line num="42" type="stmt" count="0"/>
        <line num="44" type="stmt" count="2"/>
        <line num="45" type="stmt" count="2"/>
        <line num="46" type="stmt" count="2"/>
        <line num="49" type="stmt" count="2"/>
        <line num="50" type="stmt" count="2"/>
        <line num="51" type="stmt" count="2"/>
        <line num="54" type="method" name="getSubjectAttributes" visibility="private" complexity="1" crap="1" count="2"/>
        <line num="56" type="stmt" count="2"/>
        <line num="57" type="stmt" count="2"/>
        <line num="58" type="stmt" count="2"/>
        <line num="59" type="stmt" count="2"/>
        <line num="60" type="stmt" count="1"/>
        <line num="61" type="stmt" count="2"/>
        <line num="62" type="stmt" count="2"/>
        <line num="64" type="stmt" count="2"/>
        <line num="67" type="method" name="withPerformanceMonitoring" visibility="private" complexity="4" crap="4.43" count="2"/>
        <line num="69" type="stmt" count="2"/>
        <line num="70" type="stmt" count="2"/>
        <line num="73" type="stmt" count="2"/>
        <line num="75" type="stmt" count="2"/>
        <line num="76" type="stmt" count="2"/>
        <line num="78" type="stmt" count="2"/>
        <line num="79" type="stmt" count="0"/>
        <line num="80" type="stmt" count="0"/>
        <line num="81" type="stmt" count="0"/>
        <line num="85" type="stmt" count="2"/>
        <line num="93" type="method" name="evaluateCached" visibility="private" complexity="1" crap="1" count="2"/>
        <line num="95" type="stmt" count="2"/>
        <line num="97" type="stmt" count="2"/>
        <line num="98" type="stmt" count="2"/>
        <line num="99" type="stmt" count="2"/>
        <metrics loc="102" ncloc="92" classes="1" methods="5" coveredmethods="3" conditionals="0" coveredconditionals="0" statements="35" coveredstatements="31" elements="40" coveredelements="34"/>
      </file>
      <file name="/var/www/html/src/Services/AttributeLoader.php">
        <class name="zennit\ABAC\Services\AttributeLoader" namespace="zennit\ABAC\Services">
          <metrics complexity="3" methods="3" coveredmethods="2" conditionals="0" coveredconditionals="0" statements="19" coveredstatements="18" elements="22" coveredelements="20"/>
        </class>
        <line num="12" type="method" name="loadAttributes" visibility="public" complexity="1" crap="1" count="1"/>
        <line num="14" type="stmt" count="1"/>
        <line num="15" type="stmt" count="1"/>
        <line num="17" type="stmt" count="1"/>
        <line num="20" type="method" name="loadSubjectAttributes" visibility="private" complexity="1" crap="1" count="1"/>
        <line num="22" type="stmt" count="1"/>
        <line num="23" type="stmt" count="1"/>
        <line num="25" type="stmt" count="1"/>
        <line num="26" type="stmt" count="1"/>
        <line num="27" type="stmt" count="1"/>
        <line num="28" type="stmt" count="1"/>
        <line num="29" type="stmt" count="1"/>
        <line num="30" type="stmt" count="1"/>
        <line num="31" type="stmt" count="1"/>
        <line num="32" type="stmt" count="1"/>
        <line num="35" type="method" name="loadResourceAttributes" visibility="private" complexity="1" crap="1.00" count="1"/>
        <line num="37" type="stmt" count="1"/>
        <line num="38" type="stmt" count="1"/>
        <line num="39" type="stmt" count="1"/>
        <line num="40" type="stmt" count="0"/>
        <line num="41" type="stmt" count="1"/>
        <line num="42" type="stmt" count="1"/>
        <metrics loc="45" ncloc="45" classes="1" methods="3" coveredmethods="2" conditionals="0" coveredconditionals="0" statements="19" coveredstatements="18" elements="22" coveredelements="20"/>
      </file>
      <file name="/var/www/html/src/Services/BatchProcessor.php">
        <class name="zennit\ABAC\Services\BatchProcessor" namespace="zennit\ABAC\Services">
          <metrics complexity="5" methods="3" coveredmethods="2" conditionals="0" coveredconditionals="0" statements="13" coveredstatements="7" elements="16" coveredelements="9"/>
        </class>
        <line num="16" type="method" name="__construct" visibility="public" complexity="1" crap="1" count="1"/>
        <line num="19" type="stmt" count="1"/>
        <line num="26" type="method" name="evaluate" visibility="public" complexity="3" crap="3" count="1"/>
        <line num="28" type="stmt" count="1"/>
        <line num="29" type="stmt" count="1"/>
        <line num="31" type="stmt" count="1"/>
        <line num="32" type="stmt" count="1"/>
        <line num="33" type="stmt" count="1"/>
        <line num="37" type="stmt" count="1"/>
        <line num="43" type="method" name="evaluateParallel" visibility="public" complexity="1" crap="2" count="0"/>
        <line num="45" type="stmt" count="0"/>
        <line num="46" type="stmt" count="0"/>
        <line num="48" type="stmt" count="0"/>
        <line num="49" type="stmt" count="0"/>
        <line num="50" type="stmt" count="0"/>
        <line num="51" type="stmt" count="0"/>
        <metrics loc="54" ncloc="46" classes="1" methods="3" coveredmethods="2" conditionals="0" coveredconditionals="0" statements="13" coveredstatements="7" elements="16" coveredelements="9"/>
      </file>
      <file name="/var/www/html/src/Services/CacheService.php">
        <class name="zennit\ABAC\Services\CacheService" namespace="zennit\ABAC\Services">
          <metrics complexity="6" methods="5" coveredmethods="5" conditionals="0" coveredconditionals="0" statements="9" coveredstatements="9" elements="14" coveredelements="14"/>
        </class>
        <line num="10" type="method" name="__construct" visibility="public" complexity="1" crap="1" count="7"/>
        <line num="12" type="stmt" count="7"/>
        <line num="17" type="method" name="remember" visibility="public" complexity="2" crap="2" count="7"/>
        <line num="19" type="stmt" count="7"/>
        <line num="20" type="stmt" count="1"/>
        <line num="23" type="stmt" count="7"/>
        <line num="24" type="stmt" count="7"/>
        <line num="26" type="stmt" count="7"/>
        <line num="32" type="method" name="get" visibility="public" complexity="1" crap="1" count="7"/>
        <line num="34" type="stmt" count="7"/>
        <line num="40" type="method" name="forget" visibility="public" complexity="1" crap="1" count="1"/>
        <line num="42" type="stmt" count="1"/>
        <line num="45" type="method" name="flush" visibility="public" complexity="1" crap="1" count="1"/>
        <line num="47" type="stmt" count="1"/>
        <metrics loc="50" ncloc="41" classes="1" methods="5" coveredmethods="5" conditionals="0" coveredconditionals="0" statements="9" coveredstatements="9" elements="14" coveredelements="14"/>
      </file>
      <file name="/var/www/html/src/Services/ConditionEvaluator.php">
        <class name="zennit\ABAC\Services\ConditionEvaluator" namespace="zennit\ABAC\Services">
          <metrics complexity="6" methods="2" coveredmethods="1" conditionals="0" coveredconditionals="0" statements="11" coveredstatements="9" elements="13" coveredelements="10"/>
        </class>
        <line num="12" type="method" name="__construct" visibility="public" complexity="1" crap="1" count="8"/>
        <line num="15" type="stmt" count="8"/>
        <line num="20" type="method" name="evaluate" visibility="public" complexity="5" crap="5.20" count="7"/>
        <line num="22" type="stmt" count="7"/>
        <line num="25" type="stmt" count="7"/>
        <line num="26" type="stmt" count="2"/>
        <line num="29" type="stmt" count="5"/>
        <line num="30" type="stmt" count="5"/>
        <line num="32" type="stmt" count="5"/>
        <line num="33" type="stmt" count="0"/>
        <line num="36" type="stmt" count="5"/>
        <line num="37" type="stmt" count="0"/>
        <line num="41" type="stmt" count="5"/>
        <metrics loc="44" ncloc="40" classes="1" methods="2" coveredmethods="1" conditionals="0" coveredconditionals="0" statements="11" coveredstatements="9" elements="13" coveredelements="10"/>
      </file>
      <file name="/var/www/html/src/Services/PerformanceMonitor.php">
        <class name="zennit\ABAC\Services\PerformanceMonitor" namespace="zennit\ABAC\Services">
          <metrics complexity="7" methods="4" coveredmethods="4" conditionals="0" coveredconditionals="0" statements="16" coveredstatements="16" elements="20" coveredelements="20"/>
        </class>
        <line num="13" type="method" name="__construct" visibility="public" complexity="1" crap="1" count="7"/>
        <line num="15" type="stmt" count="7"/>
        <line num="16" type="stmt" count="7"/>
        <line num="17" type="stmt" count="7"/>
        <line num="18" type="stmt" count="7"/>
        <line num="21" type="method" name="start" visibility="public" complexity="1" crap="1" count="6"/>
        <line num="23" type="stmt" count="6"/>
        <line num="26" type="method" name="end" visibility="public" complexity="4" crap="4" count="7"/>
        <line num="28" type="stmt" count="7"/>
        <line num="29" type="stmt" count="1"/>
        <line num="32" type="stmt" count="6"/>
        <line num="34" type="stmt" count="6"/>
        <line num="35" type="stmt" count="1"/>
        <line num="38" type="stmt" count="6"/>
        <line num="40" type="stmt" count="6"/>
        <line num="43" type="method" name="measure" visibility="public" complexity="1" crap="1" count="3"/>
        <line num="45" type="stmt" count="3"/>
        <line num="46" type="stmt" count="3"/>
        <line num="47" type="stmt" count="3"/>
        <line num="49" type="stmt" count="3"/>
        <metrics loc="52" ncloc="52" classes="1" methods="4" coveredmethods="4" conditionals="0" coveredconditionals="0" statements="16" coveredstatements="16" elements="20" coveredelements="20"/>
      </file>
      <file name="/var/www/html/src/Services/PolicyCacheWarmer.php">
        <class name="zennit\ABAC\Services\PolicyCacheWarmer" namespace="zennit\ABAC\Services">
          <metrics complexity="5" methods="3" coveredmethods="2" conditionals="0" coveredconditionals="0" statements="24" coveredstatements="12" elements="27" coveredelements="14"/>
        </class>
        <line num="12" type="method" name="__construct" visibility="public" complexity="1" crap="1" count="2"/>
        <line num="16" type="stmt" count="2"/>
        <line num="21" type="method" name="warmAll" visibility="public" complexity="2" crap="2" count="2"/>
        <line num="23" type="stmt" count="2"/>
        <line num="24" type="stmt" count="2"/>
        <line num="27" type="stmt" count="2"/>
        <line num="28" type="stmt" count="2"/>
        <line num="29" type="stmt" count="2"/>
        <line num="30" type="stmt" count="2"/>
        <line num="31" type="stmt" count="2"/>
        <line num="34" type="stmt" count="2"/>
        <line num="35" type="stmt" count="2"/>
        <line num="36" type="stmt" count="2"/>
        <line num="37" type="stmt" count="2"/>
        <line num="43" type="method" name="warmForResource" visibility="public" complexity="2" crap="6" count="0"/>
        <line num="45" type="stmt" count="0"/>
        <line num="46" type="stmt" count="0"/>
        <line num="49" type="stmt" count="0"/>
        <line num="50" type="stmt" count="0"/>
        <line num="51" type="stmt" count="0"/>
        <line num="52" type="stmt" count="0"/>
        <line num="53" type="stmt" count="0"/>
        <line num="56" type="stmt" count="0"/>
        <line num="57" type="stmt" count="0"/>
        <line num="58" type="stmt" count="0"/>
        <line num="59" type="stmt" count="0"/>
        <line num="60" type="stmt" count="0"/>
        <metrics loc="63" ncloc="55" classes="1" methods="3" coveredmethods="2" conditionals="0" coveredconditionals="0" statements="24" coveredstatements="12" elements="27" coveredelements="14"/>
      </file>
      <file name="/var/www/html/src/Services/PolicyEvaluator.php">
        <class name="zennit\ABAC\Services\PolicyEvaluator" namespace="zennit\ABAC\Services">
          <metrics complexity="8" methods="2" coveredmethods="1" conditionals="0" coveredconditionals="0" statements="31" coveredstatements="23" elements="33" coveredelements="24"/>
        </class>
        <line num="13" type="method" name="__construct" visibility="public" complexity="1" crap="1" count="7"/>
        <line num="17" type="stmt" count="7"/>
        <line num="22" type="method" name="evaluate" visibility="public" complexity="7" crap="7.93" count="4"/>
        <line num="24" type="stmt" count="4"/>
        <line num="26" type="stmt" count="4"/>
        <line num="27" type="stmt" count="0"/>
        <line num="28" type="stmt" count="0"/>
        <line num="29" type="stmt" count="0"/>
        <line num="30" type="stmt" count="0"/>
        <line num="31" type="stmt" count="0"/>
        <line num="32" type="stmt" count="0"/>
        <line num="33" type="stmt" count="0"/>
        <line num="34" type="stmt" count="0"/>
        <line num="37" type="stmt" count="4"/>
        <line num="39" type="stmt" count="4"/>
        <line num="40" type="stmt" count="4"/>
        <line num="41" type="stmt" count="4"/>
        <line num="43" type="stmt" count="4"/>
        <line num="44" type="stmt" count="4"/>
        <line num="45" type="stmt" count="1"/>
        <line num="46" type="stmt" count="1"/>
        <line num="50" type="stmt" count="4"/>
        <line num="51" type="stmt" count="3"/>
        <line num="55" type="stmt" count="4"/>
        <line num="56" type="stmt" count="4"/>
        <line num="57" type="stmt" count="4"/>
        <line num="58" type="stmt" count="4"/>
        <line num="59" type="stmt" count="4"/>
        <line num="60" type="stmt" count="4"/>
        <line num="61" type="stmt" count="4"/>
        <line num="62" type="stmt" count="4"/>
        <line num="63" type="stmt" count="4"/>
        <line num="64" type="stmt" count="4"/>
        <metrics loc="67" ncloc="64" classes="1" methods="2" coveredmethods="1" conditionals="0" coveredconditionals="0" statements="31" coveredstatements="23" elements="33" coveredelements="24"/>
      </file>
    </package>
    <package name="zennit\ABAC\Strategies">
      <file name="/var/www/html/src/Strategies/OperatorFactory.php">
        <class name="zennit\ABAC\Strategies\OperatorFactory" namespace="zennit\ABAC\Strategies">
          <metrics complexity="6" methods="3" coveredmethods="2" conditionals="0" coveredconditionals="0" statements="27" coveredstatements="22" elements="30" coveredelements="24"/>
        </class>
        <line num="29" type="method" name="__construct" visibility="public" complexity="1" crap="1" count="17"/>
        <line num="31" type="stmt" count="17"/>
        <line num="32" type="stmt" count="17"/>
        <line num="33" type="stmt" count="17"/>
        <line num="34" type="stmt" count="17"/>
        <line num="35" type="stmt" count="17"/>
        <line num="36" type="stmt" count="17"/>
        <line num="37" type="stmt" count="17"/>
        <line num="38" type="stmt" count="17"/>
        <line num="39" type="stmt" count="17"/>
        <line num="40" type="stmt" count="17"/>
        <line num="41" type="stmt" count="17"/>
        <line num="42" type="stmt" count="17"/>
        <line num="43" type="stmt" count="17"/>
        <line num="44" type="stmt" count="17"/>
        <line num="45" type="stmt" count="17"/>
        <line num="46" type="stmt" count="17"/>
        <line num="47" type="stmt" count="17"/>
        <line num="48" type="stmt" count="17"/>
        <line num="49" type="stmt" count="17"/>
        <line num="55" type="method" name="create" visibility="public" complexity="2" crap="2" count="16"/>
        <line num="57" type="stmt" count="16"/>
        <line num="58" type="stmt" count="1"/>
        <line num="61" type="stmt" count="15"/>
        <line num="64" type="method" name="register" visibility="public" complexity="3" crap="12" count="0"/>
        <line num="66" type="stmt" count="0"/>
        <line num="67" type="stmt" count="0"/>
        <line num="70" type="stmt" count="0"/>
        <line num="71" type="stmt" count="0"/>
        <line num="74" type="stmt" count="0"/>
        <metrics loc="77" ncloc="74" classes="1" methods="3" coveredmethods="2" conditionals="0" coveredconditionals="0" statements="27" coveredstatements="22" elements="30" coveredelements="24"/>
      </file>
    </package>
    <file name="/var/www/html/src/Strategies/OperatorInterface.php">
      <metrics loc="9" ncloc="9" classes="0" methods="0" coveredmethods="0" conditionals="0" coveredconditionals="0" statements="0" coveredstatements="0" elements="0" coveredelements="0"/>
    </file>
    <package name="zennit\ABAC\Strategies\Operators">
      <file name="/var/www/html/src/Strategies/Operators/AndOperator.php">
        <class name="zennit\ABAC\Strategies\Operators\AndOperator" namespace="zennit\ABAC\Strategies\Operators">
          <metrics complexity="2" methods="1" coveredmethods="1" conditionals="0" coveredconditionals="0" statements="1" coveredstatements="1" elements="2" coveredelements="2"/>
        </class>
        <line num="9" type="method" name="evaluate" visibility="public" complexity="2" crap="2" count="1"/>
        <line num="11" type="stmt" count="1"/>
        <metrics loc="14" ncloc="14" classes="1" methods="1" coveredmethods="1" conditionals="0" coveredconditionals="0" statements="1" coveredstatements="1" elements="2" coveredelements="2"/>
      </file>
      <file name="/var/www/html/src/Strategies/Operators/ContainsOperator.php">
        <class name="zennit\ABAC\Strategies\Operators\ContainsOperator" namespace="zennit\ABAC\Strategies\Operators">
          <metrics complexity="4" methods="1" coveredmethods="0" conditionals="0" coveredconditionals="0" statements="5" coveredstatements="2" elements="6" coveredelements="2"/>
        </class>
        <line num="9" type="method" name="evaluate" visibility="public" complexity="4" crap="7.46" count="1"/>
        <line num="11" type="stmt" count="1"/>
        <line num="12" type="stmt" count="1"/>
        <line num="15" type="stmt" count="0"/>
        <line num="16" type="stmt" count="0"/>
        <line num="19" type="stmt" count="0"/>
        <metrics loc="22" ncloc="22" classes="1" methods="1" coveredmethods="0" conditionals="0" coveredconditionals="0" statements="5" coveredstatements="2" elements="6" coveredelements="2"/>
      </file>
      <file name="/var/www/html/src/Strategies/Operators/EndsWithOperator.php">
        <class name="zennit\ABAC\Strategies\Operators\EndsWithOperator" namespace="zennit\ABAC\Strategies\Operators">
          <metrics complexity="3" methods="1" coveredmethods="0" conditionals="0" coveredconditionals="0" statements="3" coveredstatements="2" elements="4" coveredelements="2"/>
        </class>
        <line num="9" type="method" name="evaluate" visibility="public" complexity="3" crap="3.33" count="1"/>
        <line num="11" type="stmt" count="1"/>
        <line num="12" type="stmt" count="0"/>
        <line num="15" type="stmt" count="1"/>
        <metrics loc="18" ncloc="18" classes="1" methods="1" coveredmethods="0" conditionals="0" coveredconditionals="0" statements="3" coveredstatements="2" elements="4" coveredelements="2"/>
      </file>
      <file name="/var/www/html/src/Strategies/Operators/EqualsOperator.php">
        <class name="zennit\ABAC\Strategies\Operators\EqualsOperator" namespace="zennit\ABAC\Strategies\Operators">
          <metrics complexity="1" methods="1" coveredmethods="1" conditionals="0" coveredconditionals="0" statements="1" coveredstatements="1" elements="2" coveredelements="2"/>
        </class>
        <line num="9" type="method" name="evaluate" visibility="public" complexity="1" crap="1" count="6"/>
        <line num="11" type="stmt" count="6"/>
        <metrics loc="14" ncloc="14" classes="1" methods="1" coveredmethods="1" conditionals="0" coveredconditionals="0" statements="1" coveredstatements="1" elements="2" coveredelements="2"/>
      </file>
      <file name="/var/www/html/src/Strategies/Operators/GreaterThanEqualsOperator.php">
        <class name="zennit\ABAC\Strategies\Operators\GreaterThanEqualsOperator" namespace="zennit\ABAC\Strategies\Operators">
          <metrics complexity="1" methods="1" coveredmethods="1" conditionals="0" coveredconditionals="0" statements="1" coveredstatements="1" elements="2" coveredelements="2"/>
        </class>
        <line num="9" type="method" name="evaluate" visibility="public" complexity="1" crap="1" count="1"/>
        <line num="11" type="stmt" count="1"/>
        <metrics loc="14" ncloc="14" classes="1" methods="1" coveredmethods="1" conditionals="0" coveredconditionals="0" statements="1" coveredstatements="1" elements="2" coveredelements="2"/>
      </file>
      <file name="/var/www/html/src/Strategies/Operators/GreaterThanOperator.php">
        <class name="zennit\ABAC\Strategies\Operators\GreaterThanOperator" namespace="zennit\ABAC\Strategies\Operators">
          <metrics complexity="1" methods="1" coveredmethods="1" conditionals="0" coveredconditionals="0" statements="1" coveredstatements="1" elements="2" coveredelements="2"/>
        </class>
        <line num="9" type="method" name="evaluate" visibility="public" complexity="1" crap="1" count="1"/>
        <line num="11" type="stmt" count="1"/>
        <metrics loc="14" ncloc="14" classes="1" methods="1" coveredmethods="1" conditionals="0" coveredconditionals="0" statements="1" coveredstatements="1" elements="2" coveredelements="2"/>
      </file>
      <file name="/var/www/html/src/Strategies/Operators/InOperator.php">
        <class name="zennit\ABAC\Strategies\Operators\InOperator" namespace="zennit\ABAC\Strategies\Operators">
          <metrics complexity="2" methods="1" coveredmethods="0" conditionals="0" coveredconditionals="0" statements="3" coveredstatements="2" elements="4" coveredelements="2"/>
        </class>
        <line num="9" type="method" name="evaluate" visibility="public" complexity="2" crap="2.15" count="1"/>
        <line num="11" type="stmt" count="1"/>
        <line num="12" type="stmt" count="0"/>
        <line num="15" type="stmt" count="1"/>
        <metrics loc="18" ncloc="18" classes="1" methods="1" coveredmethods="0" conditionals="0" coveredconditionals="0" statements="3" coveredstatements="2" elements="4" coveredelements="2"/>
      </file>
      <file name="/var/www/html/src/Strategies/Operators/LessThanEqualsOperator.php">
        <class name="zennit\ABAC\Strategies\Operators\LessThanEqualsOperator" namespace="zennit\ABAC\Strategies\Operators">
          <metrics complexity="1" methods="1" coveredmethods="1" conditionals="0" coveredconditionals="0" statements="1" coveredstatements="1" elements="2" coveredelements="2"/>
        </class>
        <line num="9" type="method" name="evaluate" visibility="public" complexity="1" crap="1" count="1"/>
        <line num="11" type="stmt" count="1"/>
        <metrics loc="14" ncloc="14" classes="1" methods="1" coveredmethods="1" conditionals="0" coveredconditionals="0" statements="1" coveredstatements="1" elements="2" coveredelements="2"/>
      </file>
      <file name="/var/www/html/src/Strategies/Operators/LessThanOperator.php">
        <class name="zennit\ABAC\Strategies\Operators\LessThanOperator" namespace="zennit\ABAC\Strategies\Operators">
          <metrics complexity="1" methods="1" coveredmethods="0" conditionals="0" coveredconditionals="0" statements="1" coveredstatements="0" elements="2" coveredelements="0"/>
        </class>
        <line num="9" type="method" name="evaluate" visibility="public" complexity="1" crap="2" count="0"/>
        <line num="11" type="stmt" count="0"/>
        <metrics loc="14" ncloc="14" classes="1" methods="1" coveredmethods="0" conditionals="0" coveredconditionals="0" statements="1" coveredstatements="0" elements="2" coveredelements="0"/>
      </file>
      <file name="/var/www/html/src/Strategies/Operators/NotContainsOperator.php">
        <class name="zennit\ABAC\Strategies\Operators\NotContainsOperator" namespace="zennit\ABAC\Strategies\Operators">
          <metrics complexity="4" methods="1" coveredmethods="0" conditionals="0" coveredconditionals="0" statements="5" coveredstatements="3" elements="6" coveredelements="3"/>
        </class>
        <line num="9" type="method" name="evaluate" visibility="public" complexity="4" crap="5.02" count="1"/>
        <line num="11" type="stmt" count="1"/>
        <line num="12" type="stmt" count="0"/>
        <line num="15" type="stmt" count="1"/>
        <line num="16" type="stmt" count="1"/>
        <line num="19" type="stmt" count="0"/>
        <metrics loc="22" ncloc="22" classes="1" methods="1" coveredmethods="0" conditionals="0" coveredconditionals="0" statements="5" coveredstatements="3" elements="6" coveredelements="3"/>
      </file>
      <file name="/var/www/html/src/Strategies/Operators/NotEndsWithOperator.php">
        <class name="zennit\ABAC\Strategies\Operators\NotEndsWithOperator" namespace="zennit\ABAC\Strategies\Operators">
          <metrics complexity="3" methods="1" coveredmethods="0" conditionals="0" coveredconditionals="0" statements="3" coveredstatements="2" elements="4" coveredelements="2"/>
        </class>
        <line num="9" type="method" name="evaluate" visibility="public" complexity="3" crap="3.33" count="1"/>
        <line num="11" type="stmt" count="1"/>
        <line num="12" type="stmt" count="0"/>
        <line num="15" type="stmt" count="1"/>
        <metrics loc="18" ncloc="18" classes="1" methods="1" coveredmethods="0" conditionals="0" coveredconditionals="0" statements="3" coveredstatements="2" elements="4" coveredelements="2"/>
      </file>
      <file name="/var/www/html/src/Strategies/Operators/NotEqualsOperator.php">
        <class name="zennit\ABAC\Strategies\Operators\NotEqualsOperator" namespace="zennit\ABAC\Strategies\Operators">
          <metrics complexity="1" methods="1" coveredmethods="1" conditionals="0" coveredconditionals="0" statements="1" coveredstatements="1" elements="2" coveredelements="2"/>
        </class>
        <line num="9" type="method" name="evaluate" visibility="public" complexity="1" crap="1" count="1"/>
        <line num="11" type="stmt" count="1"/>
        <metrics loc="14" ncloc="14" classes="1" methods="1" coveredmethods="1" conditionals="0" coveredconditionals="0" statements="1" coveredstatements="1" elements="2" coveredelements="2"/>
      </file>
      <file name="/var/www/html/src/Strategies/Operators/NotInOperator.php">
        <class name="zennit\ABAC\Strategies\Operators\NotInOperator" namespace="zennit\ABAC\Strategies\Operators">
          <metrics complexity="2" methods="1" coveredmethods="0" conditionals="0" coveredconditionals="0" statements="3" coveredstatements="2" elements="4" coveredelements="2"/>
        </class>
        <line num="9" type="method" name="evaluate" visibility="public" complexity="2" crap="2.15" count="1"/>
        <line num="11" type="stmt" count="1"/>
        <line num="12" type="stmt" count="1"/>
        <line num="15" type="stmt" count="0"/>
        <metrics loc="18" ncloc="18" classes="1" methods="1" coveredmethods="0" conditionals="0" coveredconditionals="0" statements="3" coveredstatements="2" elements="4" coveredelements="2"/>
      </file>
      <file name="/var/www/html/src/Strategies/Operators/NotOperator.php">
        <class name="zennit\ABAC\Strategies\Operators\NotOperator" namespace="zennit\ABAC\Strategies\Operators">
          <metrics complexity="1" methods="1" coveredmethods="1" conditionals="0" coveredconditionals="0" statements="1" coveredstatements="1" elements="2" coveredelements="2"/>
        </class>
        <line num="9" type="method" name="evaluate" visibility="public" complexity="1" crap="1" count="1"/>
        <line num="11" type="stmt" count="1"/>
        <metrics loc="14" ncloc="14" classes="1" methods="1" coveredmethods="1" conditionals="0" coveredconditionals="0" statements="1" coveredstatements="1" elements="2" coveredelements="2"/>
      </file>
      <file name="/var/www/html/src/Strategies/Operators/NotStartsWithOperator.php">
        <class name="zennit\ABAC\Strategies\Operators\NotStartsWithOperator" namespace="zennit\ABAC\Strategies\Operators">
          <metrics complexity="3" methods="1" coveredmethods="0" conditionals="0" coveredconditionals="0" statements="3" coveredstatements="2" elements="4" coveredelements="2"/>
        </class>
        <line num="9" type="method" name="evaluate" visibility="public" complexity="3" crap="3.33" count="1"/>
        <line num="11" type="stmt" count="1"/>
        <line num="12" type="stmt" count="0"/>
        <line num="15" type="stmt" count="1"/>
        <metrics loc="18" ncloc="18" classes="1" methods="1" coveredmethods="0" conditionals="0" coveredconditionals="0" statements="3" coveredstatements="2" elements="4" coveredelements="2"/>
      </file>
      <file name="/var/www/html/src/Strategies/Operators/OrOperator.php">
        <class name="zennit\ABAC\Strategies\Operators\OrOperator" namespace="zennit\ABAC\Strategies\Operators">
          <metrics complexity="2" methods="1" coveredmethods="1" conditionals="0" coveredconditionals="0" statements="1" coveredstatements="1" elements="2" coveredelements="2"/>
        </class>
        <line num="9" type="method" name="evaluate" visibility="public" complexity="2" crap="2" count="1"/>
        <line num="11" type="stmt" count="1"/>
        <metrics loc="14" ncloc="14" classes="1" methods="1" coveredmethods="1" conditionals="0" coveredconditionals="0" statements="1" coveredstatements="1" elements="2" coveredelements="2"/>
      </file>
      <file name="/var/www/html/src/Strategies/Operators/StartsWithOperator.php">
        <class name="zennit\ABAC\Strategies\Operators\StartsWithOperator" namespace="zennit\ABAC\Strategies\Operators">
          <metrics complexity="3" methods="1" coveredmethods="0" conditionals="0" coveredconditionals="0" statements="3" coveredstatements="2" elements="4" coveredelements="2"/>
        </class>
        <line num="9" type="method" name="evaluate" visibility="public" complexity="3" crap="3.33" count="1"/>
        <line num="11" type="stmt" count="1"/>
        <line num="12" type="stmt" count="0"/>
        <line num="15" type="stmt" count="1"/>
        <metrics loc="18" ncloc="18" classes="1" methods="1" coveredmethods="0" conditionals="0" coveredconditionals="0" statements="3" coveredstatements="2" elements="4" coveredelements="2"/>
      </file>
    </package>
    <package name="zennit\ABAC\Validators">
      <file name="/var/www/html/src/Validators/AccessContextValidator.php">
        <class name="zennit\ABAC\Validators\AccessContextValidator" namespace="zennit\ABAC\Validators">
          <metrics complexity="8" methods="4" coveredmethods="3" conditionals="0" coveredconditionals="0" statements="11" coveredstatements="10" elements="15" coveredelements="13"/>
        </class>
        <line num="13" type="method" name="validate" visibility="public" complexity="1" crap="1" count="5"/>
        <line num="15" type="stmt" count="5"/>
        <line num="16" type="stmt" count="3"/>
        <line num="17" type="stmt" count="2"/>
        <line num="23" type="method" name="validateSubject" visibility="private" complexity="3" crap="3.14" count="5"/>
        <line num="25" type="stmt" count="5"/>
        <line num="26" type="stmt" count="0"/>
        <line num="29" type="stmt" count="5"/>
        <line num="30" type="stmt" count="2"/>
        <line num="37" type="method" name="validateResource" visibility="private" complexity="2" crap="2" count="3"/>
        <line num="39" type="stmt" count="3"/>
        <line num="40" type="stmt" count="1"/>
        <line num="47" type="method" name="validateOperation" visibility="private" complexity="2" crap="2" count="2"/>
        <line num="49" type="stmt" count="2"/>
        <line num="50" type="stmt" count="1"/>
        <metrics loc="54" ncloc="42" classes="1" methods="4" coveredmethods="3" conditionals="0" coveredconditionals="0" statements="11" coveredstatements="10" elements="15" coveredelements="13"/>
      </file>
    </package>
    <metrics files="57" loc="1858" ncloc="1754" classes="51" methods="107" coveredmethods="71" conditionals="0" coveredconditionals="0" statements="405" coveredstatements="311" elements="512" coveredelements="382"/>
  </project>
</coverage>
